-------------------------------------------------------------------------------
Test set: TestSuite
-------------------------------------------------------------------------------
Tests run: 2, Failures: 2, Errors: 0, Skipped: 0, Time elapsed: 17.073 s <<< FAILURE! - in TestSuite
ai.iamneo.testing.Testing_Selenium_TestNg.AppTest.testcase_1  Time elapsed: 10.716 s  <<< FAILURE!
org.openqa.selenium.NoSuchElementException: 
no such element: Unable to locate element: {"method":"xpath","selector":"/html/body/div[2]/div/div/button"}
  (Session info: chrome=114.0.5735.133)
For documentation on this error, please visit: https://selenium.dev/exceptions/#no_such_element
Build info: version: '4.1.0', revision: '87802e897b'
System info: host: 'cbeacafcbefecbccfaabacdbefbaaebdcffff-0', ip: '10.56.98.9', os.name: 'Linux', os.arch: 'amd64', os.version: '5.10.162+', java.version: '11.0.18'
Driver info: org.openqa.selenium.remote.RemoteWebDriver
Command: [b345585d5fd775ea5ebd91c53b7c8d5d, findElement {using=xpath, value=/html/body/div[2]/div/div/button}]
Capabilities {acceptInsecureCerts: false, browserName: chrome, browserVersion: 114.0.5735.133, chrome: {chromedriverVersion: 114.0.5735.90 (386bc09e8f4f..., userDataDir: /tmp/.com.google.Chrome.7hLXJO}, goog:chromeOptions: {debuggerAddress: localhost:36739}, javascriptEnabled: true, networkConnectionEnabled: false, pageLoadStrategy: normal, platform: LINUX, platformName: LINUX, proxy: Proxy(), se:bidiEnabled: false, se:cdp: ws://10.56.98.9:4444/sessio..., se:cdpVersion: 114.0.5735.133, se:vnc: ws://10.56.98.9:4444/sessio..., se:vncEnabled: true, se:vncLocalAddress: ws://10.56.98.9:7900, setWindowRect: true, strictFileInteractability: false, timeouts: {implicit: 0, pageLoad: 300000, script: 30000}, unhandledPromptBehavior: dismiss and notify, webauthn:extension:credBlob: true, webauthn:extension:largeBlob: true, webauthn:extension:minPinLength: true, webauthn:extension:prf: true, webauthn:virtualAuthenticators: true}
Session ID: b345585d5fd775ea5ebd91c53b7c8d5d
	at ai.iamneo.testing.Testing_Selenium_TestNg.AppTest.testcase_1(AppTest.java:31)

ai.iamneo.testing.Testing_Selenium_TestNg.AppTest.testcase_2  Time elapsed: 0.635 s  <<< FAILURE!
java.lang.AssertionError: expected [368] but found [411]
	at ai.iamneo.testing.Testing_Selenium_TestNg.AppTest.testcase_2(AppTest.java:45)

